-------------------------------------------------------------------------------
Test set: co.edu.umanizales.tads.TadsApplicationTests
-------------------------------------------------------------------------------
Tests run: 1, Failures: 0, Errors: 1, Skipped: 0, Time elapsed: 0.098 s <<< FAILURE! - in co.edu.umanizales.tads.TadsApplicationTests
co.edu.umanizales.tads.TadsApplicationTests  Time elapsed: 0.097 s  <<< ERROR!
java.lang.IllegalStateException: Unable to find a @SpringBootConfiguration, you need to use @ContextConfiguration or @SpringBootTest(classes=...) with your test

